<?xml version="1.0" encoding="UTF-8"?>
<testng-results skipped="0" failed="0" total="1" passed="1">
  <reporter-output>
  </reporter-output>
  <suite name="Suite" duration-ms="14791" started-at="2018-03-25T21:21:26Z" finished-at="2018-03-25T21:21:41Z">
    <groups>
      <group name="cucumber">
        <method signature="AbstractTestNGCucumberTests.feature(cucumber.api.testng.CucumberFeatureWrapper)[pri:0, instance:runner.RunCuke@7f13d6e]" name="feature" class="cucumber.api.testng.AbstractTestNGCucumberTests"/>
      </group> <!-- cucumber -->
    </groups>
    <test name="Test" duration-ms="14791" started-at="2018-03-25T21:21:26Z" finished-at="2018-03-25T21:21:41Z">
      <class name="runner.RunCuke">
        <test-method status="PASS" signature="setUpClass()[pri:0, instance:runner.RunCuke@7f13d6e]" name="setUpClass" is-config="true" duration-ms="290" started-at="2018-03-25T16:21:26Z" finished-at="2018-03-25T16:21:26Z">
          <reporter-output>
          </reporter-output>
        </test-method> <!-- setUpClass -->
        <test-method status="PASS" signature="setup()[pri:0, instance:runner.RunCuke@7f13d6e]" name="setup" is-config="true" duration-ms="242" started-at="2018-03-25T16:21:26Z" finished-at="2018-03-25T16:21:26Z">
          <reporter-output>
          </reporter-output>
        </test-method> <!-- setup -->
        <test-method status="PASS" signature="feature(cucumber.api.testng.CucumberFeatureWrapper)[pri:0, instance:runner.RunCuke@7f13d6e]" name="feature" duration-ms="14033" started-at="2018-03-25T16:21:26Z" description="Runs Cucumber Feature" data-provider="features" finished-at="2018-03-25T16:21:41Z">
          <params>
            <param index="0">
              <value>
                <![CDATA[Acceptance testing to validate the Application Onboarding]]>
              </value>
            </param>
          </params>
          <reporter-output>
          </reporter-output>
        </test-method> <!-- feature -->
        <test-method status="PASS" signature="tearDownClass()[pri:0, instance:runner.RunCuke@7f13d6e]" name="tearDownClass" is-config="true" duration-ms="120" started-at="2018-03-25T16:21:41Z" finished-at="2018-03-25T16:21:41Z">
          <reporter-output>
          </reporter-output>
        </test-method> <!-- tearDownClass -->
      </class> <!-- runner.RunCuke -->
    </test> <!-- Test -->
  </suite> <!-- Suite -->
</testng-results>
